[debug] [2024-09-24T03:27:24.424Z] ----------------------------------------------------------------------
[debug] [2024-09-24T03:27:24.426Z] Command:       C:\Program Files\nodejs\node.exe C:\Program Files\nodejs\node_modules\firebase-tools\lib\bin\firebase.js init functions
[debug] [2024-09-24T03:27:24.427Z] CLI Version:   13.17.0
[debug] [2024-09-24T03:27:24.427Z] Platform:      win32
[debug] [2024-09-24T03:27:24.427Z] Node Version:  v18.19.1
[debug] [2024-09-24T03:27:24.433Z] Time:          Mon Sep 23 2024 20:27:24 GMT-0700 (Nordamerikanische Westküsten-Sommerzeit)
[debug] [2024-09-24T03:27:24.433Z] ----------------------------------------------------------------------
[debug] 
[debug] [2024-09-24T03:27:24.451Z] >>> [apiv2][query] GET https://firebase-public.firebaseio.com/cli.json [none]
[debug] [2024-09-24T03:27:24.594Z] Object "" in "firebase.json" has unknown property: {"additionalProperty":"scripts"}
[debug] [2024-09-24T03:27:24.607Z] > command requires scopes: ["email","openid","https://www.googleapis.com/auth/cloudplatformprojects.readonly","https://www.googleapis.com/auth/firebase","https://www.googleapis.com/auth/cloud-platform"]
[debug] [2024-09-24T03:27:24.607Z] > authorizing via signed-in user (konkaiser@gmail.com)
[debug] [2024-09-24T03:27:24.608Z] Object "" in "firebase.json" has unknown property: {"additionalProperty":"scripts"}
[info] 
     ######## #### ########  ######## ########     ###     ######  ########
     ##        ##  ##     ## ##       ##     ##  ##   ##  ##       ##
     ######    ##  ########  ######   ########  #########  ######  ######
     ##        ##  ##    ##  ##       ##     ## ##     ##       ## ##
     ##       #### ##     ## ######## ########  ##     ##  ######  ########

You're about to initialize a Firebase project in this directory:

  C:\coding\jobmatch-extension\webapp

Before we get started, keep in mind:

  * You are currently outside your home directory
  * You are initializing within an existing Firebase project directory

[debug] [2024-09-24T03:27:24.764Z] <<< [apiv2][status] GET https://firebase-public.firebaseio.com/cli.json 200
[debug] [2024-09-24T03:27:24.765Z] <<< [apiv2][body] GET https://firebase-public.firebaseio.com/cli.json {"cloudBuildErrorAfter":1594252800000,"cloudBuildWarnAfter":1590019200000,"defaultNode10After":1594252800000,"minVersion":"3.0.5","node8DeploysDisabledAfter":1613390400000,"node8RuntimeDisabledAfter":1615809600000,"node8WarnAfter":1600128000000}
[info] 
=== Project Setup
[info] 
[info] First, let's associate this project directory with a Firebase project.
[info] You can create multiple project aliases by running firebase use --add, 
[info] but for now we'll just set up a default project.
[info] 
[debug] [2024-09-24T03:30:08.536Z] Using project from CLI flag: jobille-45494
[debug] [2024-09-24T03:30:08.537Z] > refreshing access token with scopes: []
[debug] [2024-09-24T03:30:08.538Z] >>> [apiv2][query] POST https://www.googleapis.com/oauth2/v3/token [none]
[debug] [2024-09-24T03:30:08.538Z] >>> [apiv2][body] POST https://www.googleapis.com/oauth2/v3/token [omitted]
[debug] [2024-09-24T03:30:08.698Z] <<< [apiv2][status] POST https://www.googleapis.com/oauth2/v3/token 200
[debug] [2024-09-24T03:30:08.698Z] <<< [apiv2][body] POST https://www.googleapis.com/oauth2/v3/token [omitted]
[debug] [2024-09-24T03:30:08.716Z] >>> [apiv2][query] GET https://firebase.googleapis.com/v1beta1/projects/jobille-45494 [none]
[debug] [2024-09-24T03:30:08.919Z] <<< [apiv2][status] GET https://firebase.googleapis.com/v1beta1/projects/jobille-45494 200
[debug] [2024-09-24T03:30:08.919Z] <<< [apiv2][body] GET https://firebase.googleapis.com/v1beta1/projects/jobille-45494 {"projectId":"jobille-45494","projectNumber":"656035288386","displayName":"jobille","name":"projects/jobille-45494","resources":{"hostingSite":"jobille-45494"},"state":"ACTIVE","etag":"1_479bf227-ca49-4225-91d3-cc3e3bf35ea2"}
[info] i  Using project jobille-45494 (jobille) 
[info] 
=== Functions Setup
[debug] [2024-09-24T03:30:08.924Z] > command requires scopes: ["email","openid","https://www.googleapis.com/auth/cloudplatformprojects.readonly","https://www.googleapis.com/auth/firebase","https://www.googleapis.com/auth/cloud-platform"]
[debug] [2024-09-24T03:30:08.925Z] > authorizing via signed-in user (konkaiser@gmail.com)
[debug] [2024-09-24T03:30:08.925Z] [iam] checking project jobille-45494 for permissions ["firebase.projects.get"]
[debug] [2024-09-24T03:30:08.925Z] >>> [apiv2][query] POST https://cloudresourcemanager.googleapis.com/v1/projects/jobille-45494:testIamPermissions [none]
[debug] [2024-09-24T03:30:08.925Z] >>> [apiv2][(partial)header] POST https://cloudresourcemanager.googleapis.com/v1/projects/jobille-45494:testIamPermissions x-goog-quota-user=projects/jobille-45494
[debug] [2024-09-24T03:30:08.926Z] >>> [apiv2][body] POST https://cloudresourcemanager.googleapis.com/v1/projects/jobille-45494:testIamPermissions {"permissions":["firebase.projects.get"]}
[debug] [2024-09-24T03:30:09.136Z] <<< [apiv2][status] POST https://cloudresourcemanager.googleapis.com/v1/projects/jobille-45494:testIamPermissions 200
[debug] [2024-09-24T03:30:09.136Z] <<< [apiv2][body] POST https://cloudresourcemanager.googleapis.com/v1/projects/jobille-45494:testIamPermissions {"permissions":["firebase.projects.get"]}
[debug] [2024-09-24T03:30:09.137Z] >>> [apiv2][query] GET https://serviceusage.googleapis.com/v1/projects/jobille-45494/services/cloudfunctions.googleapis.com [none]
[debug] [2024-09-24T03:30:09.137Z] >>> [apiv2][(partial)header] GET https://serviceusage.googleapis.com/v1/projects/jobille-45494/services/cloudfunctions.googleapis.com x-goog-quota-user=projects/jobille-45494
[debug] [2024-09-24T03:30:09.138Z] >>> [apiv2][query] GET https://serviceusage.googleapis.com/v1/projects/jobille-45494/services/runtimeconfig.googleapis.com [none]
[debug] [2024-09-24T03:30:09.138Z] >>> [apiv2][(partial)header] GET https://serviceusage.googleapis.com/v1/projects/jobille-45494/services/runtimeconfig.googleapis.com x-goog-quota-user=projects/jobille-45494
[debug] [2024-09-24T03:30:09.542Z] <<< [apiv2][status] GET https://serviceusage.googleapis.com/v1/projects/jobille-45494/services/runtimeconfig.googleapis.com 200
[debug] [2024-09-24T03:30:09.542Z] <<< [apiv2][body] GET https://serviceusage.googleapis.com/v1/projects/jobille-45494/services/runtimeconfig.googleapis.com [omitted]
[debug] [2024-09-24T03:30:09.597Z] <<< [apiv2][status] GET https://serviceusage.googleapis.com/v1/projects/jobille-45494/services/cloudfunctions.googleapis.com 200
[debug] [2024-09-24T03:30:09.597Z] <<< [apiv2][body] GET https://serviceusage.googleapis.com/v1/projects/jobille-45494/services/cloudfunctions.googleapis.com [omitted]
[info] 
Detected existing codebase(s): default

